-1 , 0.006332573977646112
-0.99 , 0.0
-0.98 , 0.0010438662438968511
-0.97 , 5.001610969252557e-05
-0.96 , 1.6034339677433386e-07
-0.95 , 5.065714478723399e-11
-0.94 , 1.7993473646311724e-15
-0.9299999999999999 , 7.649501488033405e-21
-0.9199999999999999 , 4.031016065778793e-27
-0.9099999999999999 , 2.6909598114582623e-34
-0.8999999999999999 , 2.3088858959835878e-42
-0.8899999999999999 , 2.572233877311161e-51
-0.8799999999999999 , 3.748408834803652e-61
-0.8699999999999999 , 7.185076455332526e-72
-0.8599999999999999 , 1.819411944925817e-83
-0.8499999999999999 , 6.106858825861762e-96
-0.8399999999999999 , 2.724415017872033e-109
-0.8299999999999998 , 1.6190489429566855e-123
-0.8199999999999998 , 1.2840241142822296e-138
-0.8099999999999998 , 1.3610601117644442e-154
-0.7999999999999998 , 1.9307822695812657e-171
-0.7899999999999998 , 3.669603197910514e-189
-0.7799999999999998 , 9.352878492932887e-208
-0.7699999999999998 , 3.199390052751266e-227
-0.7599999999999998 , 1.4699223219527524e-247
-0.7499999999999998 , 9.076078882409159e-269
-0.7399999999999998 , 7.535603705743181e-291
-0.7299999999999998 , 8.417162722e-314
-0.7199999999999998 , 0.0
-0.7099999999999997 , 0.0
-0.6999999999999997 , 0.0
-0.6899999999999997 , 0.0
-0.6799999999999997 , 0.0
-0.6699999999999997 , 0.0
-0.6599999999999997 , 0.0
-0.6499999999999997 , 0.0
-0.6399999999999997 , 0.0
-0.6299999999999997 , 0.0
-0.6199999999999997 , 0.0
-0.6099999999999997 , 0.0
-0.5999999999999996 , 0.0
-0.5899999999999996 , 0.0
-0.5799999999999996 , 0.0
-0.5699999999999996 , 0.0
-0.5599999999999996 , 0.0
-0.5499999999999996 , 0.0
-0.5399999999999996 , 0.0
-0.5299999999999996 , 0.0
-0.5199999999999996 , 0.0
-0.5099999999999996 , 0.0
-0.49999999999999956 , 0.0
-0.48999999999999955 , 0.0
-0.47999999999999954 , 0.0
-0.46999999999999953 , 0.0
-0.4599999999999995 , 0.0
-0.4499999999999995 , 0.0
-0.4399999999999995 , 0.0
-0.4299999999999995 , 0.0
-0.4199999999999995 , 0.0
-0.4099999999999995 , 0.0
-0.39999999999999947 , 0.0
-0.38999999999999946 , 0.0
-0.37999999999999945 , 0.0
-0.36999999999999944 , 0.0
-0.35999999999999943 , 0.0
-0.3499999999999994 , 0.0
-0.3399999999999994 , 0.0
-0.3299999999999994 , 0.0
-0.3199999999999994 , 0.0
-0.3099999999999994 , 0.0
-0.2999999999999994 , 0.0
-0.28999999999999937 , 0.0
-0.27999999999999936 , 0.0
-0.26999999999999935 , 0.0
-0.25999999999999934 , 0.0
-0.24999999999999933 , 0.0
-0.23999999999999932 , 0.0
-0.22999999999999932 , 0.0
-0.2199999999999993 , 0.0
-0.2099999999999993 , 0.0
-0.1999999999999993 , 0.0
-0.18999999999999928 , 0.0
-0.17999999999999927 , 0.0
-0.16999999999999926 , 0.0
-0.15999999999999925 , 0.0
-0.14999999999999925 , 0.0
-0.13999999999999924 , 0.0
-0.12999999999999923 , 0.0
-0.11999999999999923 , 0.0
-0.10999999999999924 , 0.0
-0.09999999999999924 , 0.0
-0.08999999999999925 , 0.0
-0.07999999999999925 , 0.0
-0.06999999999999926 , 0.0
-0.059999999999999255 , 0.0
-0.04999999999999925 , 0.0
-0.03999999999999925 , 0.0
-0.02999999999999925 , 0.0
-0.019999999999999248 , 0.0
-0.009999999999999247 , 0.0
7.528699885739343e-16 , 0.0
0.010000000000000753 , 0.0
0.020000000000000753 , 0.0
0.030000000000000755 , 0.0
0.04000000000000076 , 0.0
0.05000000000000076 , 0.0
0.06000000000000076 , 0.0
0.07000000000000076 , 0.0
0.08000000000000075 , 0.0
0.09000000000000075 , 0.0
0.10000000000000074 , 0.0
0.11000000000000074 , 0.0
0.12000000000000073 , 0.0
0.13000000000000073 , 0.0
0.14000000000000073 , 0.0
0.15000000000000074 , 0.0
0.16000000000000075 , 0.0
0.17000000000000076 , 0.0
0.18000000000000077 , 0.0
0.19000000000000078 , 0.0
0.2000000000000008 , 0.0
0.2100000000000008 , 0.0
0.2200000000000008 , 0.0
0.23000000000000081 , 0.0
0.24000000000000082 , 0.0
0.25000000000000083 , 0.0
0.26000000000000084 , 0.0
0.27000000000000085 , 0.0
0.28000000000000086 , 0.0
0.29000000000000087 , 0.0
0.3000000000000009 , 0.0
0.3100000000000009 , 0.0
0.3200000000000009 , 0.0
0.3300000000000009 , 0.0
0.3400000000000009 , 0.0
0.3500000000000009 , 0.0
0.36000000000000093 , 0.0
0.37000000000000094 , 0.0
0.38000000000000095 , 0.0
0.39000000000000096 , 0.0
0.40000000000000097 , 0.0
0.410000000000001 , 0.0
0.420000000000001 , 0.0
0.430000000000001 , 0.0
0.440000000000001 , 0.0
0.450000000000001 , 0.0
0.460000000000001 , 0.0
0.47000000000000103 , 0.0
0.48000000000000104 , 0.0
0.49000000000000105 , 0.0
0.500000000000001 , 0.0
0.510000000000001 , 0.0
0.520000000000001 , 0.0
0.530000000000001 , 0.0
0.540000000000001 , 0.0
0.550000000000001 , 0.0
0.560000000000001 , 0.0
0.5700000000000011 , 0.0
0.5800000000000011 , 0.0
0.5900000000000011 , 0.0
0.6000000000000011 , 0.0
0.6100000000000011 , 0.0
0.6200000000000011 , 0.0
0.6300000000000011 , 0.0
0.6400000000000011 , 0.0
0.6500000000000011 , 0.0
0.6600000000000011 , 0.0
0.6700000000000012 , 0.0
0.6800000000000012 , 0.0
0.6900000000000012 , 0.0
0.7000000000000012 , 0.0
0.7100000000000012 , 0.0
0.7200000000000012 , 0.0
0.7300000000000012 , 0.0
0.7400000000000012 , 0.0
0.7500000000000012 , 0.0
0.7600000000000012 , 0.0
0.7700000000000012 , 0.0
0.7800000000000012 , 0.0
0.7900000000000013 , 0.0
0.8000000000000013 , 0.0
0.8100000000000013 , 0.0
0.8200000000000013 , 0.0
0.8300000000000013 , 0.0
0.8400000000000013 , 0.0
0.8500000000000013 , 0.0
0.8600000000000013 , 0.0
0.8700000000000013 , 0.0
0.8800000000000013 , 0.0
0.8900000000000013 , 0.0
0.9000000000000014 , 0.0
0.9100000000000014 , 0.0
0.9200000000000014 , 0.0
0.9300000000000014 , 0.0
0.9400000000000014 , 0.0
0.9500000000000014 , 0.0
0.9600000000000014 , 0.0
0.9700000000000014 , 0.0
0.9800000000000014 , 0.0
0.9900000000000014 , 0.0
